[工作日誌]
專案名稱: L2-DIC1-github (互動式個人問候網頁)
執行人員: Antigravity AI
紀錄日期: 2026-05-29

--------------------------------------------------------------------------------
【工作大綱】
1. 初始化本地 Git 儲存庫並配置使用者資訊。
2. 配合使用者手動於 GitHub 建立新儲存庫 "L2-DIC1-github"。
3. 將本地端代碼 (index.html) 推送至 GitHub 遠端儲存庫的 main 分支。
4. 撰寫專案說明文件 README.md，包含功能特色、技術棧及運行說明，並推送至 GitHub。
5. 在 README.md 中新增 Live Demo 連結並更新至 GitHub。

--------------------------------------------------------------------------------
【詳細操作日誌】
[2026-05-29 11:44:44] [INFO] 檢查本地 Git 狀態
                      指令: git status
                      結果: 本地尚未初始化 Git 儲存庫。

[2026-05-29 11:44:53] [INFO] 檢查 GitHub CLI (gh) 狀態
                      指令: gh auth status
                      結果: 系統未安裝 gh CLI。

[2026-05-29 11:45:02] [INFO] 檢查 Git 全域設定
                      指令: git config --global --list
                      結果: 未設定全域 user.name 與 user.email。

[2026-05-29 11:45:03] [INFO] 檢查 Git 本地使用者設定
                      指令: git config --get-regexp "user\..*"
                      結果: 無設定值。

[2026-05-29 11:45:19] [INFO] 測試 SSH 連線與密鑰狀態
                      指令: ssh -T git@github.com
                      結果: 連線超時/取消 (未配置 SSH Key)。

[2026-05-29 11:54:36] [INFO] 查詢本機 SSH 密鑰目錄
                      指令: Get-ChildItem ~\.ssh
                      結果: C:\Users\admin\.ssh 目錄不存在。

[2026-05-29 11:54:38] [INFO] 檢查 Git 憑證管理工具
                      指令: git config --get credential.helper
                      結果: manager (Git Credential Manager 已啟用)。

[2026-05-29 11:54:40] [INFO] 檢查環境變數是否包含 GitHub Token
                      指令: Get-ChildItem Env: | Where-Object { $_.Name -like "*GIT*" -or $_.Name -like "*GH*" }
                      結果: 未檢測到相關環境變數。

[2026-05-29 11:57:14] [INFO] 與使用者進行線上溝通並決定方案
                      決策:
                      - 儲存庫命名為: L2-DIC1-github
                      - 驗證與建立方式: 由使用者手動於 GitHub 網頁端建立 public repo，再由 AI 進行本地關聯與推送。

[2026-05-29 11:57:25] [INFO] 初始化本地儲存庫
                      指令: git init
                      結果: 初始化成功，建立 .git 資料夾。

[2026-05-29 11:57:27] [INFO] 設定本地 Git 使用者身分
                      指令: git config user.name "bigkuan-chen" ; git config user.email "bigkuan-chen@users.noreply.github.com"
                      結果: 設定完成。

[2026-05-29 12:02:02] [INFO] 暫存、提交所有本地檔案並建立 main 分支
                      指令: git add . ; git commit -m "Initial commit" ; git branch -M main
                      結果: 成功將 index.html 提交至本地 main 分支。

[2026-05-29 12:02:08] [INFO] 關聯 GitHub 遠端儲存庫
                      指令: git remote add origin https://github.com/bigkuan-chen/L2-DIC1-github.git
                      結果: 關聯成功。

[2026-05-29 12:02:18] [WARNING] 首次嘗試推送至遠端儲存庫
                      指令: git push -u origin main
                      結果: 失敗 (原因: 遠端儲存庫尚未建立)。

[2026-05-29 12:04:36] [INFO] 使用者回報已完成手動建立 "L2-DIC1-github" 儲存庫。

[2026-05-29 12:04:46] [INFO] 第二次嘗試推送至遠端儲存庫
                      指令: git push -u origin main
                      結果: 推送成功，本地 main 分支與遠端 main 分支建立關聯。

[2026-05-29 12:06:21] [INFO] 讀取並分析 index.html 原始碼，了解網頁功能以生成適當 we 說明檔。

[2026-05-29 12:06:27] [INFO] 於本地建立 README.md 檔案
                      內容: 專案說明、功能特色、技術棧、Quick Start 執行方式及顏色主題說明。

[2026-05-29 12:06:30] [INFO] 暫存、提交並推送 README.md
                      指令: git add README.md ; git commit -m "Add README.md" ; git push
                      結果: 推送成功。

[2026-05-29 12:06:59] [INFO] 確認目前 Git 工作區狀態
                      指令: git status
                      結果: 工作區乾淨，所有檔案皆已同步至 GitHub。

[2026-05-29 13:24:41] [INFO] 根據使用者需求，讀取 README.md 準備加入 Live Demo 連結。

[2026-05-29 13:24:44] [INFO] 修改 README.md
                      變更: 在專案描述下方加入 Live Demo: https://bigkuan-chen.github.io/L2-DIC1-github/

[2026-05-29 13:24:48] [INFO] 暫存、提交並推送更新後的 README.md
                      指令: git add README.md ; git commit -m "Add Live Demo link to README.md" ; git push
                      結果: 推送成功，完成所有交付任務。

--------------------------------------------------------------------------------
【專案最終交付狀態】
1. GitHub 專案網址: https://github.com/bigkuan-chen/L2-DIC1-github
2. Live Demo 網址: https://bigkuan-chen.github.io/L2-DIC1-github/
3. 本地 Git 狀態: Clean (已完全同步)
